<?xml version="1.0" encoding="UTF-8"?>
<testsuite name="org.springside.examples.quickstart.service.account.AccountServiceTest" time="0.119" tests="3" errors="0" skipped="0" failures="0">
  <properties>
[...]
</properties>
  <testcase name="registerUser" classname="org.springside.examples.quickstart.service.account.AccountServiceTest" time="0.105"/>
  <testcase name="updateUser" classname="org.springside.examples.quickstart.service.account.AccountServiceTest" time="0.005"/>
  <testcase name="deleteUser" classname="org.springside.examples.quickstart.service.account.AccountServiceTest" time="0.009"/>
</testsuite>